<?xml version="1.0" encoding="UTF-8"?>
<testsuite name="code.BitOutputStreamTest" tests="5" skipped="0" failures="0" errors="0" timestamp="2017-10-02T12:46:47" hostname="Shreyashs-MacBook-Pro.local" time="0.01">
  <properties/>
  <testcase name="checkBitOutputStreamThree" classname="code.BitOutputStreamTest" time="0.002"/>
  <testcase name="checkBitOutputStreamFive" classname="code.BitOutputStreamTest" time="0.006"/>
  <testcase name="checkBitOutputStreamFour" classname="code.BitOutputStreamTest" time="0.0"/>
  <testcase name="checkBitOutputStreamOne" classname="code.BitOutputStreamTest" time="0.001"/>
  <testcase name="checkBitOutputStreamTwo" classname="code.BitOutputStreamTest" time="0.0"/>
  <system-out><![CDATA[]]></system-out>
  <system-err><![CDATA[]]></system-err>
</testsuite>
